Build started 5/15/2015 11:12:04 PM.
     1>Project "C:\Users\Samikchya\Desktop\project3\ConsoleApplication1\ConsoleApplication1\ConsoleApplication1.vcxproj" on node 2 (Rebuild target(s)).
     1>ClCompile:
         C:\Program Files (x86)\Microsoft Visual Studio 12.0\VC\bin\CL.exe /c /ZI /nologo /W3 /WX- /Od /Oy- /D WIN32 /D _DEBUG /D _CONSOLE /D _LIB /D _UNICODE /D UNICODE /Gm /EHsc /RTC1 /MDd /GS /fp:precise /Zc:wchar_t /Zc:forScope /Fo"Debug\\" /Fd"Debug\vc120.pdb" /Gd /TP /analyze- /errorReport:prompt cardgame.cpp maingame.cpp player.cpp
         player.cpp
         maingame.cpp
     1>c:\users\samikchya\desktop\project3\consoleapplication1\consoleapplication1\maingame.cpp(131): warning C4244: 'argument' : conversion from 'time_t' to 'unsigned int', possible loss of data
         cardgame.cpp
     1>c:\users\samikchya\desktop\project3\consoleapplication1\consoleapplication1\cardgame.cpp(129): warning C4996: 'getch': The POSIX name for this item is deprecated. Instead, use the ISO C++ conformant name: _getch. See online help for details.
                 c:\program files (x86)\microsoft visual studio 12.0\vc\include\conio.h(131) : see declaration of 'getch'
     1>c:\users\samikchya\desktop\project3\consoleapplication1\consoleapplication1\cardgame.cpp(141): warning C4244: 'argument' : conversion from 'time_t' to 'unsigned int', possible loss of data
     1>c:\users\samikchya\desktop\project3\consoleapplication1\consoleapplication1\cardgame.cpp(179): warning C4244: 'argument' : conversion from 'time_t' to 'unsigned int', possible loss of data
     1>c:\users\samikchya\desktop\project3\consoleapplication1\consoleapplication1\cardgame.cpp(206): warning C4996: 'getch': The POSIX name for this item is deprecated. Instead, use the ISO C++ conformant name: _getch. See online help for details.
                 c:\program files (x86)\microsoft visual studio 12.0\vc\include\conio.h(131) : see declaration of 'getch'
     1>c:\users\samikchya\desktop\project3\consoleapplication1\consoleapplication1\cardgame.cpp(333): warning C4244: 'argument' : conversion from 'time_t' to 'unsigned int', possible loss of data
     1>c:\users\samikchya\desktop\project3\consoleapplication1\consoleapplication1\cardgame.cpp(393): warning C4996: 'getch': The POSIX name for this item is deprecated. Instead, use the ISO C++ conformant name: _getch. See online help for details.
                 c:\program files (x86)\microsoft visual studio 12.0\vc\include\conio.h(131) : see declaration of 'getch'
         Generating Code...
       Link:
         C:\Program Files (x86)\Microsoft Visual Studio 12.0\VC\bin\link.exe /ERRORREPORT:PROMPT /OUT:"C:\Users\Samikchya\Desktop\project3\ConsoleApplication1\Debug\ConsoleApplication1.exe" /INCREMENTAL /NOLOGO kernel32.lib user32.lib gdi32.lib winspool.lib comdlg32.lib advapi32.lib shell32.lib ole32.lib oleaut32.lib uuid.lib odbc32.lib odbccp32.lib /MANIFEST /MANIFESTUAC:"level='asInvoker' uiAccess='false'" /manifest:embed /DEBUG /PDB:"C:\Users\Samikchya\Desktop\project3\ConsoleApplication1\Debug\ConsoleApplication1.pdb" /SUBSYSTEM:CONSOLE /TLBID:1 /DYNAMICBASE /NXCOMPAT /IMPLIB:"C:\Users\Samikchya\Desktop\project3\ConsoleApplication1\Debug\ConsoleApplication1.lib" /MACHINE:X86 Debug\cardgame.obj
         Debug\maingame.obj
         Debug\player.obj
         ConsoleApplication1.vcxproj -> C:\Users\Samikchya\Desktop\project3\ConsoleApplication1\Debug\ConsoleApplication1.exe
     1>Done Building Project "C:\Users\Samikchya\Desktop\project3\ConsoleApplication1\ConsoleApplication1\ConsoleApplication1.vcxproj" (Rebuild target(s)).

Build succeeded.

Time Elapsed 00:00:25.72
